----------------------|||||||||||||||||||||||||||||----------------------
insert into dbo.WebUser ([Name],[Surname],[Login],[Email],[Password],[Role],[Rank],[Curse],[Faculty],[StructUnit],[ImageName]) values (name,suur,lalala,pochta,qwerty,Викладач,,,,,)
----------------------|||||||||||||||||||||||||||||----------------------
insert into dbo.WebUser ([Name],[Surname],[Login],[Email],[Password],[Role],[Rank],[Curse],[Faculty],[StructUnit],[ImageName]) values ('name','suur','pepep','pochta','qwerty','Викладач','','','','','')
----------------------|||||||||||||||||||||||||||||----------------------
insert into dbo.WebUser ([Name],[Surname],[Login],[Email],[Password],[Role],[Rank],[Curse],[Faculty],[StructUnit],[ImageName]) values ('rhrh','erh','one','gmail','14789632','Навчально-допоміжний персонал','Кандидат наук','','','','')
----------------------|||||||||||||||||||||||||||||----------------------
Thread was being aborted.
----------------------|||||||||||||||||||||||||||||----------------------
insert into dbo.WebUser ([Name],[Surname],[Login],[Email],[Password],[Role],[Rank],[Curse],[Faculty],[StructUnit],[ImageName]) values ('pppp','qqqq','two','ukrnet','0987654321','Студент','Майстер спорту','','','','')
----------------------|||||||||||||||||||||||||||||----------------------
Thread was being aborted.
----------------------|||||||||||||||||||||||||||||----------------------
insert into dbo.WebUser ([Name],[Surname],[Login],[Email],[Password],[Role],[Rank],[Curse],[Faculty],[StructUnit],[ImageName]) values ('name','eggew','lalka','cho','qwerty','Викладач','Доктор наук','','','','')
----------------------|||||||||||||||||||||||||||||----------------------
Thread was being aborted.
----------------------|||||||||||||||||||||||||||||----------------------
FILENAME: photo_2019-04-14_22-51-21.jpg
----------------------|||||||||||||||||||||||||||||----------------------
C:\Users\Valentyn\Desktop\sysprog\5lab\Images\photo_2019-04-14_22-51-21.jpg
----------------------|||||||||||||||||||||||||||||----------------------
insert into dbo.WebUser ([Name],[Surname],[Login],[Email],[Password],[Role],[Rank],[Curse],[Faculty],[StructUnit],[ImageName]) values ('rgrgrhr','eggew','poiuy','miriir','1234','Викладач','Доктор наук','','','','C:\Users\Valentyn\Desktop\sysprog\5lab\Images\photo_2019-04-14_22-51-21.jpg')
----------------------|||||||||||||||||||||||||||||----------------------
Thread was being aborted.
----------------------|||||||||||||||||||||||||||||----------------------
FILENAME: photo_2019-04-14_22-54-42.jpg
----------------------|||||||||||||||||||||||||||||----------------------
insert into dbo.WebUser ([Name],[Surname],[Login],[Email],[Password],[Role],[Rank],[Curse],[Faculty],[StructUnit],[ImageName]) values ('eofef','rehrhh','my login','pochta','9853756','Викладач','Майстер спорту','','','','')
----------------------|||||||||||||||||||||||||||||----------------------
Thread was being aborted.
----------------------|||||||||||||||| 28.04.2019 21:56:21 |||||||||||||----------------------
insert into dbo.WebUser ([Name],[Surname],[Login],[Email],[Password],[Role],[Rank],[Curse],[Faculty],[StructUnit],[ImageName]) values ('olka','olka','olka','olya.shevchenko277@gmail.com','qwerty','Студент','Майстер спорту','','','','C:\Users\Valentyn\Desktop\sysprog\5lab\Images\photo_2018-12-10_20-04-56 (2).jpg')
----------------------|||||||||||||||| 28.04.2019 21:56:21 |||||||||||||----------------------
Thread was being aborted.
----------------------|||||||||||||||| 28.04.2019 22:03:29 |||||||||||||----------------------
insert into dbo.WebUser ([Name],[Surname],[Login],[Email],[Password],[Role],[Rank],[Curse],[Faculty],[StructUnit],[ImageName]) values ('olka','olka','olka2','olya.shevchenko277@gmail.com','zxcvbn','Викладач','','','','','C:\Users\Valentyn\Desktop\sysprog\5lab\Images\photo_2018-12-10_20-04-56 (3).jpg')
----------------------|||||||||||||||| 28.04.2019 22:03:29 |||||||||||||----------------------
Thread was being aborted.
----------------------|||||||||||||||| 28.04.2019 22:04:58 |||||||||||||----------------------
insert into dbo.WebUser ([Name],[Surname],[Login],[Email],[Password],[Role],[Rank],[Curse],[Faculty],[StructUnit],[ImageName]) values ('olka','suur','olka2','olya.shevchenko277@gmail.com','asdfgh','Студент','','','','','C:\Users\Valentyn\Desktop\sysprog\5lab\Images\photo_2018-12-10_20-04-56 (2).jpg')
----------------------|||||||||||||||| 28.04.2019 22:04:58 |||||||||||||----------------------
Thread was being aborted.
----------------------|||||||||||||||| 02.05.2019 13:56:08 |||||||||||||----------------------
insert into dbo.WebUser ([Name],[Surname],[Login],[Email],[Password],[Role],[Rank],[Curse],[Faculty],[StructUnit],[ImageName]) values ('Dima','Zazhmon','gomogey','dima13za@gmail.com','qwerty','Викладач','','','','','')
----------------------|||||||||||||||| 02.05.2019 13:56:08 |||||||||||||----------------------
Thread was being aborted.
----------------------|||||||||||||||| 02.05.2019 19:04:26 |||||||||||||----------------------
insert into dbo.WebUser ([Name],[Surname],[Login],[Email],[Password],[Role],[Rank],[Curse],[Faculty],[StructUnit],[ImageName]) values ('olkek','zhopa','zhopa2000','olya.shevchenko277@gmail.com','0987654321','Студент','Майстер спорту','','','','')
----------------------|||||||||||||||| 02.05.2019 19:04:26 |||||||||||||----------------------
Thread was being aborted.
----------------------|||||||||||||||| 02.05.2019 19:06:32 |||||||||||||----------------------
insert into dbo.WebUser ([Name],[Surname],[Login],[Email],[Password],[Role],[Rank],[Curse],[Faculty],[StructUnit],[ImageName]) values ('olka','zhopa','zhopa2000','olya.shevchenko277@gmail.com','0987654321','Студент','Майстер спорту','','','','')
----------------------|||||||||||||||| 02.05.2019 19:06:32 |||||||||||||----------------------
Thread was being aborted.
----------------------|||||||||||||||| 08.05.2019 21:17:33 |||||||||||||----------------------
insert into dbo.WebUser ([Name],[Surname],[Login],[Email],[Password],[Role],[Rank],[Curse],[Faculty],[StructUnit],[ImageName]) values ('rarara','pawpawpaw','pararaw','dima13za@gmail.com','parol','Студент','Майстер спорту','','','','')
----------------------|||||||||||||||| 08.05.2019 21:17:33 |||||||||||||----------------------
Thread was being aborted.
----------------------|||||||||||||||| 08.05.2019 21:18:01 |||||||||||||----------------------
AUTHCODE:808591
INPUT:276345
----------------------|||||||||||||||| 08.05.2019 22:22:20 |||||||||||||----------------------
insert into dbo.WebUser ([Name],[Surname],[Login],[Email],[Password],[Role],[Rank],[Curse],[Faculty],[StructUnit],[ImageName]) values ('rarara','pawpawpaw','rere','dima13za@gmail.com','parol','Студент','Майстер спорту','','','','')
----------------------|||||||||||||||| 08.05.2019 22:22:20 |||||||||||||----------------------
Thread was being aborted.
----------------------|||||||||||||||| 08.05.2019 22:22:57 |||||||||||||----------------------
AUTHCODE:0
INPUT:0
----------------------|||||||||||||||| 08.05.2019 22:32:34 |||||||||||||----------------------
insert into dbo.WebUser ([Name],[Surname],[Login],[Email],[Password],[Role],[Rank],[Curse],[Faculty],[StructUnit],[ImageName]) values ('ольга','шевченко','oli4ka','olya.shevchenko277@gmail.com','whataboutthisone','Студент','Майстер спорту','','','','')
----------------------|||||||||||||||| 08.05.2019 22:32:34 |||||||||||||----------------------
Page2 auth: 305775
----------------------|||||||||||||||| 08.05.2019 22:32:34 |||||||||||||----------------------
Thread was being aborted.
----------------------|||||||||||||||| 08.05.2019 22:33:23 |||||||||||||----------------------
AUTHCODE:0
INPUT:0
----------------------|||||||||||||||| 08.05.2019 22:38:03 |||||||||||||----------------------
insert into dbo.WebUser ([Name],[Surname],[Login],[Email],[Password],[Role],[Rank],[Curse],[Faculty],[StructUnit],[ImageName]) values ('ыыы','їїїїїї','лагін','olya.shevchenko277@gmail.com','типапароль','Студент','Майстер спорту','','','','')
----------------------|||||||||||||||| 08.05.2019 22:38:03 |||||||||||||----------------------
Page2 auth: 325734
----------------------|||||||||||||||| 08.05.2019 22:38:03 |||||||||||||----------------------
Thread was being aborted.
----------------------|||||||||||||||| 08.05.2019 22:38:23 |||||||||||||----------------------
AUTHCODE:325734
INPUT:325734
----------------------|||||||||||||||| 13.05.2019 21:52:37 |||||||||||||----------------------
insert into dbo.WebUser ([Name],[Surname],[Login],[Email],[Password],[Role],[Rank],[Curse],[Faculty],[StructUnit],[ImageName]) values ('somename','somesurname','example','valentain.sav99@gmail.com','1234567890','Навчально-допоміжний персонал','Кандидат наук','','','Ректорат','C:\Users\Valentyn\Desktop\sysprog\5lab\Images\img1.png')
----------------------|||||||||||||||| 13.05.2019 21:52:37 |||||||||||||----------------------
Page2 auth: 261641
----------------------|||||||||||||||| 13.05.2019 21:52:37 |||||||||||||----------------------
Thread was being aborted.
----------------------|||||||||||||||| 13.05.2019 21:52:58 |||||||||||||----------------------
AUTHCODE:261641
INPUT:261641
----------------------|||||||||||||||| 13.05.2019 22:00:28 |||||||||||||----------------------
ImageURL: C:\Users\Valentyn\Desktop\sysprog\5lab\Images\img1.png
----------------------|||||||||||||||| 13.05.2019 22:00:30 |||||||||||||----------------------
ImageURL: C:\Users\Valentyn\Desktop\sysprog\5lab\Images\img1.png
----------------------|||||||||||||||| 13.05.2019 22:02:20 |||||||||||||----------------------
ImageURL: C:\Users\Valentyn\Desktop\sysprog\5lab\Images\img1.png
----------------------|||||||||||||||| 13.05.2019 22:02:53 |||||||||||||----------------------
ImageURL: C:\Users\Valentyn\Desktop\sysprog\5lab\Images\img1.png
----------------------|||||||||||||||| 13.05.2019 22:02:53 |||||||||||||----------------------
Image1.ImageUrl: C:\Users\Valentyn\Desktop\sysprog\5lab\Images\img1.png
----------------------|||||||||||||||| 13.05.2019 22:02:55 |||||||||||||----------------------
ImageURL: C:\Users\Valentyn\Desktop\sysprog\5lab\Images\img1.png
----------------------|||||||||||||||| 13.05.2019 22:02:55 |||||||||||||----------------------
Image1.ImageUrl: C:\Users\Valentyn\Desktop\sysprog\5lab\Images\img1.png
----------------------|||||||||||||||| 13.05.2019 22:05:48 |||||||||||||----------------------
ImageURL: C:\Users\Valentyn\Desktop\sysprog\5lab\Images\img1.png
----------------------|||||||||||||||| 13.05.2019 22:05:48 |||||||||||||----------------------
Image1.ImageUrl: C:\Users\Valentyn\Desktop\sysprog\5lab\Images\img1.png
----------------------|||||||||||||||| 13.05.2019 22:09:20 |||||||||||||----------------------
ImageURL: C:\Users\Valentyn\Desktop\sysprog\5lab\Images\img1.png
----------------------|||||||||||||||| 13.05.2019 22:09:20 |||||||||||||----------------------
Image1.ImageUrl: C:\Users\Valentyn\Desktop\sysprog\5lab\Images\img1.png
----------------------|||||||||||||||| 13.05.2019 22:20:44 |||||||||||||----------------------
ImageURL: C:\Users\Valentyn\Desktop\sysprog\5lab\Images\img1.png
----------------------|||||||||||||||| 13.05.2019 22:20:44 |||||||||||||----------------------
Image1.ImageUrl: C:\Users\Valentyn\Desktop\sysprog\5lab\Images\img1.png
----------------------|||||||||||||||| 13.05.2019 22:30:17 |||||||||||||----------------------
The SaveAs method is configured to require a rooted path, and the path '..\5lab\Images\img1.png' is not rooted.
----------------------|||||||||||||||| 13.05.2019 22:30:34 |||||||||||||----------------------
The SaveAs method is configured to require a rooted path, and the path '..\5lab\Images\img1.png' is not rooted.
----------------------|||||||||||||||| 13.05.2019 22:30:52 |||||||||||||----------------------
The SaveAs method is configured to require a rooted path, and the path '..\5lab\Images\img1.png' is not rooted.
----------------------|||||||||||||||| 13.05.2019 22:33:54 |||||||||||||----------------------
ImageURL: C:\Users\Valentyn\Desktop\sysprog\5lab\Images\img1.png
----------------------|||||||||||||||| 13.05.2019 22:33:54 |||||||||||||----------------------
Image1.ImageUrl: C:\Users\Valentyn\Desktop\sysprog\5lab\Images\img1.png
----------------------|||||||||||||||| 13.05.2019 22:33:56 |||||||||||||----------------------
ImageURL: C:\Users\Valentyn\Desktop\sysprog\5lab\Images\img1.png
----------------------|||||||||||||||| 13.05.2019 22:33:56 |||||||||||||----------------------
Image1.ImageUrl: C:\Users\Valentyn\Desktop\sysprog\5lab\Images\img1.png
----------------------|||||||||||||||| 14.05.2019 9:50:09 |||||||||||||----------------------
ImageURL: C:\Users\Valentyn\Desktop\sysprog\5lab\Images\img1.png
----------------------|||||||||||||||| 14.05.2019 9:50:09 |||||||||||||----------------------
Image1.ImageUrl: C:\Users\Valentyn\Desktop\sysprog\5lab\Images\img1.png
----------------------|||||||||||||||| 14.05.2019 9:50:12 |||||||||||||----------------------
ImageURL: C:\Users\Valentyn\Desktop\sysprog\5lab\Images\img1.png
----------------------|||||||||||||||| 14.05.2019 9:50:12 |||||||||||||----------------------
Image1.ImageUrl: C:\Users\Valentyn\Desktop\sysprog\5lab\Images\img1.png
----------------------|||||||||||||||| 14.05.2019 9:51:20 |||||||||||||----------------------
ImageURL: C:\Users\Valentyn\Desktop\sysprog\5lab\Images\img1.png
----------------------|||||||||||||||| 14.05.2019 9:51:20 |||||||||||||----------------------
Image1.ImageUrl: C:\Users\Valentyn\Desktop\sysprog\5lab\Images\img1.png
----------------------|||||||||||||||| 14.05.2019 9:51:23 |||||||||||||----------------------
ImageURL: C:\Users\Valentyn\Desktop\sysprog\5lab\Images\img1.png
----------------------|||||||||||||||| 14.05.2019 9:51:23 |||||||||||||----------------------
Image1.ImageUrl: C:\Users\Valentyn\Desktop\sysprog\5lab\Images\img1.png
----------------------|||||||||||||||| 14.05.2019 9:54:41 |||||||||||||----------------------
ImageURL: C:\Users\Valentyn\Desktop\sysprog\5lab\Images\img1.png
----------------------|||||||||||||||| 14.05.2019 9:54:41 |||||||||||||----------------------
Image1.ImageUrl: C:\Users\Valentyn\Desktop\sysprog\5lab\Images\img1.png
----------------------|||||||||||||||| 14.05.2019 10:04:29 |||||||||||||----------------------
The SaveAs method is configured to require a rooted path, and the path '~\Images\img1.png' is not rooted.
----------------------|||||||||||||||| 14.05.2019 10:05:10 |||||||||||||----------------------
The SaveAs method is configured to require a rooted path, and the path '~\Images\img1.png' is not rooted.
----------------------|||||||||||||||| 14.05.2019 10:05:21 |||||||||||||----------------------
The SaveAs method is configured to require a rooted path, and the path '~\Images\img1.png' is not rooted.
----------------------|||||||||||||||| 14.05.2019 10:05:41 |||||||||||||----------------------
The SaveAs method is configured to require a rooted path, and the path '~\Images\img1.png' is not rooted.
----------------------|||||||||||||||| 14.05.2019 10:07:35 |||||||||||||----------------------
The SaveAs method is configured to require a rooted path, and the path '~Images\img1.png' is not rooted.
----------------------|||||||||||||||| 14.05.2019 10:35:59 |||||||||||||----------------------
ImageURL: C:\Users\Valentyn\Desktop\sysprog\5lab\Images\img1.png
----------------------|||||||||||||||| 14.05.2019 10:35:59 |||||||||||||----------------------
Image1.ImageUrl: C:\Users\Valentyn\Desktop\sysprog\5lab\Images\img1.png
----------------------|||||||||||||||| 14.05.2019 10:36:50 |||||||||||||----------------------
ImageURL: C:\Users\Valentyn\Desktop\sysprog\5lab\Images\img1.png
----------------------|||||||||||||||| 14.05.2019 10:36:50 |||||||||||||----------------------
Image1.ImageUrl: C:\Users\Valentyn\Desktop\sysprog\5lab\Images\img1.png
----------------------|||||||||||||||| 14.05.2019 10:38:46 |||||||||||||----------------------
ImageURL: C:\Users\Valentyn\Desktop\sysprog\5lab\Images\img1.png
----------------------|||||||||||||||| 14.05.2019 10:38:46 |||||||||||||----------------------
Image1.ImageUrl: C:\Users\Valentyn\Desktop\sysprog\5lab\Images\img1.png
----------------------|||||||||||||||| 14.05.2019 10:38:47 |||||||||||||----------------------
ImageURL: C:\Users\Valentyn\Desktop\sysprog\5lab\Images\img1.png
----------------------|||||||||||||||| 14.05.2019 10:38:47 |||||||||||||----------------------
Image1.ImageUrl: C:\Users\Valentyn\Desktop\sysprog\5lab\Images\img1.png
----------------------|||||||||||||||| 14.05.2019 10:39:41 |||||||||||||----------------------
ImageURL: C:\Users\Valentyn\Desktop\sysprog\5lab\Images\img1.png
----------------------|||||||||||||||| 14.05.2019 10:39:41 |||||||||||||----------------------
Image1.ImageUrl: C:\Users\Valentyn\Desktop\sysprog\5lab\Images\img1.png
----------------------|||||||||||||||| 14.05.2019 10:39:43 |||||||||||||----------------------
ImageURL: C:\Users\Valentyn\Desktop\sysprog\5lab\Images\img1.png
----------------------|||||||||||||||| 14.05.2019 10:39:43 |||||||||||||----------------------
Image1.ImageUrl: C:\Users\Valentyn\Desktop\sysprog\5lab\Images\img1.png
----------------------|||||||||||||||| 14.05.2019 10:40:26 |||||||||||||----------------------
ImageURL: C:\Users\Valentyn\Desktop\sysprog\5lab\Images\img1.png
----------------------|||||||||||||||| 14.05.2019 10:40:26 |||||||||||||----------------------
Image1.ImageUrl: C:\Users\Valentyn\Desktop\sysprog\5lab\Images\img1.png
----------------------|||||||||||||||| 14.05.2019 10:40:29 |||||||||||||----------------------
ImageURL: C:\Users\Valentyn\Desktop\sysprog\5lab\Images\img1.png
----------------------|||||||||||||||| 14.05.2019 10:40:29 |||||||||||||----------------------
Image1.ImageUrl: C:\Users\Valentyn\Desktop\sysprog\5lab\Images\img1.png
----------------------|||||||||||||||| 14.05.2019 10:46:14 |||||||||||||----------------------
insert into dbo.WebUser ([Name],[Surname],[Login],[Email],[Password],[Role],[Rank],[Curse],[Faculty],[StructUnit],[ImageName]) values ('1','2','log','valentain.sav99@gmail.com','pass','Викладач','','','Механіко-математичний','','C:\Users\Valentyn\Desktop\sysprog\5lab\5lab\5lab\Images\img1.png')
----------------------|||||||||||||||| 14.05.2019 10:46:14 |||||||||||||----------------------
Page2 auth: 227900
----------------------|||||||||||||||| 14.05.2019 10:46:14 |||||||||||||----------------------
Thread was being aborted.
----------------------|||||||||||||||| 14.05.2019 10:48:58 |||||||||||||----------------------
ImageURL: C:\Users\Valentyn\Desktop\sysprog\5lab\5lab\5lab\Images\img1.png
----------------------|||||||||||||||| 14.05.2019 10:48:58 |||||||||||||----------------------
Image1.ImageUrl: C:\Users\Valentyn\Desktop\sysprog\5lab\5lab\5lab\Images\img1.png
----------------------|||||||||||||||| 14.05.2019 10:49:02 |||||||||||||----------------------
ImageURL: C:\Users\Valentyn\Desktop\sysprog\5lab\5lab\5lab\Images\img1.png
----------------------|||||||||||||||| 14.05.2019 10:49:02 |||||||||||||----------------------
Image1.ImageUrl: C:\Users\Valentyn\Desktop\sysprog\5lab\5lab\5lab\Images\img1.png
----------------------|||||||||||||||| 14.05.2019 10:49:45 |||||||||||||----------------------
insert into dbo.WebUser ([Name],[Surname],[Login],[Email],[Password],[Role],[Rank],[Curse],[Faculty],[StructUnit],[ImageName]) values ('name','suur','suuur','valentain.sav99@gmail.com','password','Викладач','Майстер спорту','','Механіко-математичний','','C:\Users\Valentyn\Desktop\sysprog\5lab\5lab\5lab\Images\img1.png')
----------------------|||||||||||||||| 14.05.2019 10:49:45 |||||||||||||----------------------
Page2 auth: 220807
----------------------|||||||||||||||| 14.05.2019 10:49:45 |||||||||||||----------------------
Thread was being aborted.
----------------------|||||||||||||||| 14.05.2019 10:54:54 |||||||||||||----------------------
ImageURL: \Images\img1.png
----------------------|||||||||||||||| 14.05.2019 10:54:54 |||||||||||||----------------------
Image1.ImageUrl: \Images\img1.png
----------------------|||||||||||||||| 14.05.2019 10:55:25 |||||||||||||----------------------
ImageURL: \Images\img1.png
----------------------|||||||||||||||| 14.05.2019 10:55:25 |||||||||||||----------------------
Image1.ImageUrl: \Images\img1.png
----------------------|||||||||||||||| 14.05.2019 10:57:09 |||||||||||||----------------------
ImageURL: \Images\img1.png
----------------------|||||||||||||||| 14.05.2019 10:57:09 |||||||||||||----------------------
Image1.ImageUrl: \Images\img1.png
----------------------|||||||||||||||| 14.05.2019 10:57:11 |||||||||||||----------------------
ImageURL: \Images\img1.png
----------------------|||||||||||||||| 14.05.2019 10:57:11 |||||||||||||----------------------
Image1.ImageUrl: \Images\img1.png
----------------------|||||||||||||||| 14.05.2019 11:01:46 |||||||||||||----------------------
insert into dbo.WebUser ([Name],[Surname],[Login],[Email],[Password],[Role],[Rank],[Curse],[Faculty],[StructUnit],[ImageName]) values ('dima','pelmeshko','pelmen2000','valentain.sav99@gmail.com','qwerty','Студент','Майстер спорту','2 курс','ФРЕКС','','C:\Users\Valentyn\Desktop\sysprog\5lab\5lab\5lab\Images\img1.png')
----------------------|||||||||||||||| 14.05.2019 11:01:46 |||||||||||||----------------------
Page2 auth: 854289
----------------------|||||||||||||||| 14.05.2019 11:01:46 |||||||||||||----------------------
Thread was being aborted.
----------------------|||||||||||||||| 14.05.2019 12:48:17 |||||||||||||----------------------
insert into dbo.WebUser ([Name],[Surname],[Login],[Email],[Password],[Role],[Rank],[Curse],[Faculty],[StructUnit],[ImageName]) values ('value','password','qwerty','valentain.sav99@gmail.com','qwerty','Викладач','Кандидат наук','','Механіко-математичний','','C:\Users\Valentyn\Desktop\sysprog\5lab\5lab\5lab\Images\img1.png')
----------------------|||||||||||||||| 14.05.2019 12:48:17 |||||||||||||----------------------
Page2 auth: 648944
----------------------|||||||||||||||| 14.05.2019 12:48:19 |||||||||||||----------------------
Thread was being aborted.
----------------------|||||||||||||||| 14.05.2019 12:49:09 |||||||||||||----------------------
AUTHCODE:648944
INPUT:648944
----------------------|||||||||||||||| 14.05.2019 12:49:22 |||||||||||||----------------------
ImageURL: \Images\img1.png
----------------------|||||||||||||||| 14.05.2019 12:49:22 |||||||||||||----------------------
Image1.ImageUrl: \Images\img1.png
----------------------|||||||||||||||| 14.05.2019 12:49:43 |||||||||||||----------------------
ImageURL: \Images\img1.png
----------------------|||||||||||||||| 14.05.2019 12:49:43 |||||||||||||----------------------
Image1.ImageUrl: \Images\img1.png
----------------------|||||||||||||||| 14.05.2019 13:04:56 |||||||||||||----------------------
ImageURL: g1.png
----------------------|||||||||||||||| 14.05.2019 13:04:56 |||||||||||||----------------------
Image1.ImageUrl: g1.png
----------------------|||||||||||||||| 14.05.2019 13:04:59 |||||||||||||----------------------
ImageURL: g1.png
----------------------|||||||||||||||| 14.05.2019 13:04:59 |||||||||||||----------------------
Image1.ImageUrl: g1.png
----------------------|||||||||||||||| 14.05.2019 13:05:10 |||||||||||||----------------------
ImageURL: \Images\img1.png
----------------------|||||||||||||||| 14.05.2019 13:05:10 |||||||||||||----------------------
Image1.ImageUrl: \Images\img1.png
----------------------|||||||||||||||| 14.05.2019 13:05:19 |||||||||||||----------------------
ImageURL: \Images\img1.png
----------------------|||||||||||||||| 14.05.2019 13:05:19 |||||||||||||----------------------
Image1.ImageUrl: \Images\img1.png
----------------------|||||||||||||||| 14.05.2019 15:53:47 |||||||||||||----------------------
insert into dbo.WebUser ([Name],[Surname],[Login],[Email],[Password],[Role],[Rank],[Curse],[Faculty],[StructUnit],[ImageName]) values ('margo','rita','marho','valentain.sav99@gmail.com','qwerty','Студент','Майстер спорту','2 курс','ФРЕКС','','C:\Users\Valentyn\Desktop\sysprog\5lab\5lab\5lab\Images\img1.png')
----------------------|||||||||||||||| 14.05.2019 15:53:47 |||||||||||||----------------------
Page2 auth: 468282
----------------------|||||||||||||||| 14.05.2019 15:53:49 |||||||||||||----------------------
Thread was being aborted.
----------------------|||||||||||||||| 14.05.2019 15:54:28 |||||||||||||----------------------
AUTHCODE:468282
INPUT:468282
----------------------|||||||||||||||| 14.05.2019 15:54:50 |||||||||||||----------------------
ImageURL: \Images\img1.png
----------------------|||||||||||||||| 14.05.2019 15:54:50 |||||||||||||----------------------
Image1.ImageUrl: \Images\img1.png
----------------------|||||||||||||||| 14.05.2019 15:55:16 |||||||||||||----------------------
ImageURL: \Images\img1.png
----------------------|||||||||||||||| 14.05.2019 15:55:16 |||||||||||||----------------------
Image1.ImageUrl: \Images\img1.png
----------------------|||||||||||||||| 14.05.2019 16:40:17 |||||||||||||----------------------
insert into dbo.WebUser ([Name],[Surname],[Login],[Email],[Password],[Role],[Rank],[Curse],[Faculty],[StructUnit],[ImageName]) values ('valektyn','dmgorehmp','login123','valentain.sav99@gmail.com','12345','Викладач','Кандидат наук','','ФРЕКС','','C:\Users\Valentyn\Desktop\sysprog\5lab\5lab\5lab\Images\img2.png')
----------------------|||||||||||||||| 14.05.2019 16:40:17 |||||||||||||----------------------
Page2 auth: 100831
----------------------|||||||||||||||| 14.05.2019 16:40:19 |||||||||||||----------------------
Thread was being aborted.
----------------------|||||||||||||||| 14.05.2019 16:40:40 |||||||||||||----------------------
AUTHCODE:100831
INPUT:100831
----------------------|||||||||||||||| 14.05.2019 16:41:02 |||||||||||||----------------------
ImageURL: \Images\img2.png
----------------------|||||||||||||||| 14.05.2019 16:41:02 |||||||||||||----------------------
Image1.ImageUrl: \Images\img2.png
----------------------|||||||||||||||| 14.05.2019 16:41:12 |||||||||||||----------------------
ImageURL: \Images\img2.png
----------------------|||||||||||||||| 14.05.2019 16:41:12 |||||||||||||----------------------
Image1.ImageUrl: \Images\img2.png
----------------------|||||||||||||||| 14.05.2019 18:32:18 |||||||||||||----------------------
insert into dbo.WebUser ([Name],[Surname],[Login],[Email],[Password],[Role],[Rank],[Curse],[Faculty],[StructUnit],[ImageName]) values ('Sergii','Zagorodniuk','sas','valentain.sav99@gmail.com','543678','Викладач','Кандидат наук','','Філософський','','C:\Users\Valentyn\Desktop\sysprog\5lab\5lab\5lab\Images\img2.png')
----------------------|||||||||||||||| 14.05.2019 18:32:18 |||||||||||||----------------------
Page2 auth: 483676
----------------------|||||||||||||||| 14.05.2019 18:32:20 |||||||||||||----------------------
Thread was being aborted.
----------------------|||||||||||||||| 14.05.2019 18:32:49 |||||||||||||----------------------
AUTHCODE:483676
INPUT:483676
----------------------|||||||||||||||| 14.05.2019 18:33:16 |||||||||||||----------------------
ImageURL: \Images\img2.png
----------------------|||||||||||||||| 14.05.2019 18:33:16 |||||||||||||----------------------
Image1.ImageUrl: \Images\img2.png
----------------------|||||||||||||||| 14.05.2019 18:33:17 |||||||||||||----------------------
ImageURL: \Images\img2.png
----------------------|||||||||||||||| 14.05.2019 18:33:17 |||||||||||||----------------------
Image1.ImageUrl: \Images\img2.png
